2022-01-09 14:54:03 - 
2022-01-09 14:54:03 - CICFlowMeter-V3 found: 1 Files.
2022-01-09 14:54:03 - 
2022-01-09 14:54:03 - Working on... /home/shankhadeep/Desktop/CICFlowMeter/store.pcap 
2022-01-09 14:54:03 - Done! in 0 seconds
2022-01-09 14:54:03 - 	 Total packets: 345
2022-01-09 14:54:03 - 	 Valid packets: 345
2022-01-09 14:54:03 - 	 Ignored packets:0 0 
2022-01-09 14:54:03 - PCAP duration 2 seconds
2022-01-09 14:54:03 - ----------------------------------------------------------------------------
2022-01-09 14:54:03 - 

----------------------------------------------------------------------------
 TOTAL FLOWS GENERATED: 4
2022-01-09 14:54:03 - ----------------------------------------------------------------------------

2022-08-25 12:30:57 - 
2022-08-25 12:30:57 - CICFlowMeter-V3 found: 1 Files.
2022-08-25 12:30:57 - 
2022-08-25 12:30:57 - Working on... /home/shankhadeep/Desktop/CICFlowMeter/store.pcap 
2022-08-25 12:30:57 - Done! in 0 seconds
2022-08-25 12:30:57 - 	 Total packets: 23238
2022-08-25 12:30:57 - 	 Valid packets: 23228
2022-08-25 12:30:57 - 	 Ignored packets:10 10 
2022-08-25 12:30:57 - PCAP duration 90 seconds
2022-08-25 12:30:57 - ----------------------------------------------------------------------------
2022-08-25 12:30:57 - 

----------------------------------------------------------------------------
 TOTAL FLOWS GENERATED: 67
2022-08-25 12:30:57 - ----------------------------------------------------------------------------

